<?xml version="1.0" encoding="UTF-8"?>
<!-- Generated by org.testng.reporters.JUnitReportReporter -->
<testsuite hostname="HIJ-WS022" failures="0" tests="5" name="TestRunner.LoginTest" time="31.973" errors="0" timestamp="2021-12-06T16:01:36 IST" skipped="0">
  <testcase classname="TestRunner.LoginTest" name="runScenario" time="6.174"/>
  <system-out/>
  <testcase classname="TestRunner.LoginTest" name="runScenario" time="4.481"/>
  <system-out/>
  <testcase classname="TestRunner.LoginTest" name="runScenario" time="7.057"/>
  <system-out/>
  <testcase classname="TestRunner.LoginTest" name="runScenario" time="9.127"/>
  <system-out/>
  <testcase classname="TestRunner.LoginTest" name="runScenario" time="5.134"/>
  <system-out/>
</testsuite> <!-- TestRunner.LoginTest -->
