<?xml version="1.0" encoding="UTF-8"?>
<!-- Generated by org.testng.reporters.JUnitReportReporter -->
<testsuite hostname="IVL-WS127" failures="0" tests="1" name="RegistrationTests.RegistrationTest" time="10.179" errors="0" timestamp="2021-11-29T12:40:03 IST" skipped="0">
  <testcase classname="RegistrationTests.RegistrationTest" name="setup" time="10.179"/>
  <system-out/>
</testsuite> <!-- RegistrationTests.RegistrationTest -->
