<?xml version="1.0" encoding="UTF-8"?>
<!-- Generated by org.testng.reporters.JUnitReportReporter -->
<testsuite hostname="IVL-WS127" failures="0" tests="1" name="LoginTests.LoginTest" time="7.496" errors="0" timestamp="2021-11-29T12:31:55 IST" skipped="0">
  <testcase classname="LoginTests.LoginTest" name="setup" time="7.496"/>
  <system-out/>
</testsuite> <!-- LoginTests.LoginTest -->
