<?xml version="1.0" encoding="UTF-8"?>
<!-- Generated by org.testng.reporters.JUnitReportReporter -->
<testsuite hostname="HIJ-WS022" failures="0" tests="4" name="TestRunner.SearchProductTest" time="27.325" errors="0" timestamp="2021-12-06T16:01:36 IST" skipped="0">
  <testcase classname="TestRunner.SearchProductTest" name="runScenario" time="3.871"/>
  <system-out/>
  <testcase classname="TestRunner.SearchProductTest" name="runScenario" time="12.889"/>
  <system-out/>
  <testcase classname="TestRunner.SearchProductTest" name="runScenario" time="4.950"/>
  <system-out/>
  <testcase classname="TestRunner.SearchProductTest" name="runScenario" time="5.615"/>
  <system-out/>
</testsuite> <!-- TestRunner.SearchProductTest -->
