<?xml version="1.0" encoding="UTF-8"?>
<!-- Generated by org.testng.reporters.JUnitReportReporter -->
<testsuite hostname="HIJ-WS022" failures="0" tests="1" name="TestRunner.HomeLogoTest" time="6.313" errors="0" timestamp="2021-12-06T16:01:36 IST" skipped="0">
  <testcase classname="TestRunner.HomeLogoTest" name="runScenario" time="6.313"/>
  <system-out/>
</testsuite> <!-- TestRunner.HomeLogoTest -->
