<?xml version="1.0" encoding="UTF-8"?>
<!-- Generated by org.testng.reporters.JUnitReportReporter -->
<testsuite hostname="IVL-WS127" failures="0" tests="4" name="TestRunner.SearchProductTest" time="28.786" errors="0" timestamp="2021-12-06T14:14:44 IST" skipped="0">
  <testcase classname="TestRunner.SearchProductTest" name="runScenario" time="4.549"/>
  <system-out/>
  <testcase classname="TestRunner.SearchProductTest" name="runScenario" time="11.828"/>
  <system-out/>
  <testcase classname="TestRunner.SearchProductTest" name="runScenario" time="6.574"/>
  <system-out/>
  <testcase classname="TestRunner.SearchProductTest" name="runScenario" time="5.835"/>
  <system-out/>
</testsuite> <!-- TestRunner.SearchProductTest -->
