<?xml version="1.0" encoding="UTF-8"?>
<!-- Generated by org.testng.reporters.JUnitReportReporter -->
<testsuite hostname="IVL-WS127" failures="0" tests="1" name="TestRunner.HomeLogoTest" time="5.021" errors="0" timestamp="2021-12-06T14:14:44 IST" skipped="0">
  <testcase classname="TestRunner.HomeLogoTest" name="runScenario" time="5.021"/>
  <system-out/>
</testsuite> <!-- TestRunner.HomeLogoTest -->
